<?xml version="1.0" encoding="UTF-8" ?>
<testsuite failures="0" time="1.305" errors="0" skipped="0" tests="1" name="com.example.maven.plugins.CountMojoTestCase">
  <properties>
    <property name="java.runtime.name" value="Java(TM) SE Runtime Environment"/>
    <property name="sun.boot.library.path" value="C:\Program Files\Java\jdk1.7.0_17\jre\bin"/>
    <property name="java.vm.version" value="23.7-b01"/>
    <property name="java.vm.vendor" value="Oracle Corporation"/>
    <property name="java.vendor.url" value="http://java.oracle.com/"/>
    <property name="path.separator" value=";"/>
    <property name="java.vm.name" value="Java HotSpot(TM) 64-Bit Server VM"/>
    <property name="file.encoding.pkg" value="sun.io"/>
    <property name="user.script" value=""/>
    <property name="user.country" value="JP"/>
    <property name="sun.java.launcher" value="SUN_STANDARD"/>
    <property name="sun.os.patch.level" value="Service Pack 1"/>
    <property name="java.vm.specification.name" value="Java Virtual Machine Specification"/>
    <property name="user.dir" value="C:\tmp\maven-countlines-plugin"/>
    <property name="java.runtime.version" value="1.7.0_17-b02"/>
    <property name="java.awt.graphicsenv" value="sun.awt.Win32GraphicsEnvironment"/>
    <property name="basedir" value="C:\tmp\maven-countlines-plugin"/>
    <property name="java.endorsed.dirs" value="C:\Program Files\Java\jdk1.7.0_17\jre\lib\endorsed"/>
    <property name="os.arch" value="amd64"/>
    <property name="surefire.real.class.path" value="C:\Users\YAMAGU~1\AppData\Local\Temp\surefirebooter6810980983068709468.jar"/>
    <property name="java.io.tmpdir" value="C:\Users\YAMAGU~1\AppData\Local\Temp\"/>
    <property name="line.separator" value="
"/>
    <property name="java.vm.specification.vendor" value="Oracle Corporation"/>
    <property name="user.variant" value=""/>
    <property name="os.name" value="Windows 7"/>
    <property name="sun.jnu.encoding" value="MS932"/>
    <property name="java.library.path" value="C:\Program Files\Java\jdk1.7.0_17\jre\bin;C:\Windows\Sun\Java\bin;C:\Windows\system32;C:\Windows;C:\Windows\system32;C:\Windows;C:\Windows\System32\Wbem;C:\Windows\System32\WindowsPowerShell\v1.0\;C:\pq\MySQL\MySQL Server 5.5\bin;C:\Program Files\curl;C:\Program Files\Java\jdk1.7.0_17\bin;C:\Program Files\Java\jdk1.7.0_17\bin;C:\Program Files\Java\Java3D\1.5.1\lib\ext;C:\Program Files\Java\Java3D\1.5.1\bin;C:\Program Files\M2_HOME\apache-maven-2.2.1\bin;."/>
    <property name="surefire.test.class.path" value="C:\tmp\maven-countlines-plugin\target\test-classes;C:\tmp\maven-countlines-plugin\target\classes;C:\Users\Yamaguchi\.m2\repository\org\apache\maven\shared\maven-plugin-testing-harness\1.1\maven-plugin-testing-harness-1.1.jar;C:\Users\Yamaguchi\.m2\repository\org\apache\maven\maven-project\2.0\maven-project-2.0.jar;C:\Users\Yamaguchi\.m2\repository\org\apache\maven\maven-profile\2.0\maven-profile-2.0.jar;C:\Users\Yamaguchi\.m2\repository\org\apache\maven\maven-model\2.0.4\maven-model-2.0.4.jar;C:\Users\Yamaguchi\.m2\repository\org\codehaus\plexus\plexus-utils\1.4.2\plexus-utils-1.4.2.jar;C:\Users\Yamaguchi\.m2\repository\org\codehaus\plexus\plexus-container-default\1.0-alpha-9-stable-1\plexus-container-default-1.0-alpha-9-stable-1.jar;C:\Users\Yamaguchi\.m2\repository\junit\junit\3.8.1\junit-3.8.1.jar;C:\Users\Yamaguchi\.m2\repository\classworlds\classworlds\1.1-alpha-2\classworlds-1.1-alpha-2.jar;C:\Users\Yamaguchi\.m2\repository\org\apache\maven\maven-artifact-manager\2.0\maven-artifact-manager-2.0.jar;C:\Users\Yamaguchi\.m2\repository\org\apache\maven\maven-repository-metadata\2.0\maven-repository-metadata-2.0.jar;C:\Users\Yamaguchi\.m2\repository\org\apache\maven\maven-artifact\2.0.4\maven-artifact-2.0.4.jar;C:\Users\Yamaguchi\.m2\repository\org\apache\maven\wagon\wagon-provider-api\1.0-alpha-5\wagon-provider-api-1.0-alpha-5.jar;C:\Users\Yamaguchi\.m2\repository\org\apache\maven\maven-core\2.0\maven-core-2.0.jar;C:\Users\Yamaguchi\.m2\repository\org\apache\maven\maven-settings\2.0.4\maven-settings-2.0.4.jar;C:\Users\Yamaguchi\.m2\repository\org\apache\maven\wagon\wagon-file\1.0-alpha-5\wagon-file-1.0-alpha-5.jar;C:\Users\Yamaguchi\.m2\repository\org\apache\maven\maven-plugin-parameter-documenter\2.0\maven-plugin-parameter-documenter-2.0.jar;C:\Users\Yamaguchi\.m2\repository\org\apache\maven\wagon\wagon-http-lightweight\1.0-alpha-5\wagon-http-lightweight-1.0-alpha-5.jar;C:\Users\Yamaguchi\.m2\repository\org\apache\maven\reporting\maven-reporting-api\2.0\maven-reporting-api-2.0.jar;C:\Users\Yamaguchi\.m2\repository\doxia\doxia-sink-api\1.0-alpha-4\doxia-sink-api-1.0-alpha-4.jar;C:\Users\Yamaguchi\.m2\repository\org\apache\maven\maven-error-diagnostics\2.0\maven-error-diagnostics-2.0.jar;C:\Users\Yamaguchi\.m2\repository\org\apache\maven\maven-plugin-registry\2.0\maven-plugin-registry-2.0.jar;C:\Users\Yamaguchi\.m2\repository\commons-cli\commons-cli\1.0\commons-cli-1.0.jar;C:\Users\Yamaguchi\.m2\repository\org\apache\maven\maven-plugin-api\2.0.8\maven-plugin-api-2.0.8.jar;C:\Users\Yamaguchi\.m2\repository\org\apache\maven\maven-plugin-descriptor\2.0\maven-plugin-descriptor-2.0.jar;C:\Users\Yamaguchi\.m2\repository\org\codehaus\plexus\plexus-interactivity-api\1.0-alpha-4\plexus-interactivity-api-1.0-alpha-4.jar;C:\Users\Yamaguchi\.m2\repository\org\apache\maven\maven-monitor\2.0\maven-monitor-2.0.jar;C:\Users\Yamaguchi\.m2\repository\org\apache\maven\wagon\wagon-ssh\1.0-alpha-5\wagon-ssh-1.0-alpha-5.jar;C:\Users\Yamaguchi\.m2\repository\com\jcraft\jsch\0.1.23\jsch-0.1.23.jar;C:\Users\Yamaguchi\.m2\repository\org\codehaus\plexus\plexus-archiver\1.0-alpha-7\plexus-archiver-1.0-alpha-7.jar;C:\Users\Yamaguchi\.m2\repository\org\apache\maven\shared\maven-plugin-testing-tools\1.0-alpha-3\maven-plugin-testing-tools-1.0-alpha-3.jar;C:\Users\Yamaguchi\.m2\repository\org\apache\maven\shared\maven-invoker\2.0.7\maven-invoker-2.0.7.jar;C:\Users\Yamaguchi\.m2\repository\commons-io\commons-io\1.2\commons-io-1.2.jar;"/>
    <property name="java.specification.name" value="Java Platform API Specification"/>
    <property name="java.class.version" value="51.0"/>
    <property name="sun.management.compiler" value="HotSpot 64-Bit Tiered Compilers"/>
    <property name="os.version" value="6.1"/>
    <property name="user.home" value="C:\Users\Yamaguchi"/>
    <property name="user.timezone" value="Asia/Tokyo"/>
    <property name="java.awt.printerjob" value="sun.awt.windows.WPrinterJob"/>
    <property name="java.specification.version" value="1.7"/>
    <property name="file.encoding" value="MS932"/>
    <property name="user.name" value="Yamaguchi"/>
    <property name="java.class.path" value="C:\tmp\maven-countlines-plugin\target\test-classes;C:\tmp\maven-countlines-plugin\target\classes;C:\Users\Yamaguchi\.m2\repository\org\apache\maven\shared\maven-plugin-testing-harness\1.1\maven-plugin-testing-harness-1.1.jar;C:\Users\Yamaguchi\.m2\repository\org\apache\maven\maven-project\2.0\maven-project-2.0.jar;C:\Users\Yamaguchi\.m2\repository\org\apache\maven\maven-profile\2.0\maven-profile-2.0.jar;C:\Users\Yamaguchi\.m2\repository\org\apache\maven\maven-model\2.0.4\maven-model-2.0.4.jar;C:\Users\Yamaguchi\.m2\repository\org\codehaus\plexus\plexus-utils\1.4.2\plexus-utils-1.4.2.jar;C:\Users\Yamaguchi\.m2\repository\org\codehaus\plexus\plexus-container-default\1.0-alpha-9-stable-1\plexus-container-default-1.0-alpha-9-stable-1.jar;C:\Users\Yamaguchi\.m2\repository\junit\junit\3.8.1\junit-3.8.1.jar;C:\Users\Yamaguchi\.m2\repository\classworlds\classworlds\1.1-alpha-2\classworlds-1.1-alpha-2.jar;C:\Users\Yamaguchi\.m2\repository\org\apache\maven\maven-artifact-manager\2.0\maven-artifact-manager-2.0.jar;C:\Users\Yamaguchi\.m2\repository\org\apache\maven\maven-repository-metadata\2.0\maven-repository-metadata-2.0.jar;C:\Users\Yamaguchi\.m2\repository\org\apache\maven\maven-artifact\2.0.4\maven-artifact-2.0.4.jar;C:\Users\Yamaguchi\.m2\repository\org\apache\maven\wagon\wagon-provider-api\1.0-alpha-5\wagon-provider-api-1.0-alpha-5.jar;C:\Users\Yamaguchi\.m2\repository\org\apache\maven\maven-core\2.0\maven-core-2.0.jar;C:\Users\Yamaguchi\.m2\repository\org\apache\maven\maven-settings\2.0.4\maven-settings-2.0.4.jar;C:\Users\Yamaguchi\.m2\repository\org\apache\maven\wagon\wagon-file\1.0-alpha-5\wagon-file-1.0-alpha-5.jar;C:\Users\Yamaguchi\.m2\repository\org\apache\maven\maven-plugin-parameter-documenter\2.0\maven-plugin-parameter-documenter-2.0.jar;C:\Users\Yamaguchi\.m2\repository\org\apache\maven\wagon\wagon-http-lightweight\1.0-alpha-5\wagon-http-lightweight-1.0-alpha-5.jar;C:\Users\Yamaguchi\.m2\repository\org\apache\maven\reporting\maven-reporting-api\2.0\maven-reporting-api-2.0.jar;C:\Users\Yamaguchi\.m2\repository\doxia\doxia-sink-api\1.0-alpha-4\doxia-sink-api-1.0-alpha-4.jar;C:\Users\Yamaguchi\.m2\repository\org\apache\maven\maven-error-diagnostics\2.0\maven-error-diagnostics-2.0.jar;C:\Users\Yamaguchi\.m2\repository\org\apache\maven\maven-plugin-registry\2.0\maven-plugin-registry-2.0.jar;C:\Users\Yamaguchi\.m2\repository\commons-cli\commons-cli\1.0\commons-cli-1.0.jar;C:\Users\Yamaguchi\.m2\repository\org\apache\maven\maven-plugin-api\2.0.8\maven-plugin-api-2.0.8.jar;C:\Users\Yamaguchi\.m2\repository\org\apache\maven\maven-plugin-descriptor\2.0\maven-plugin-descriptor-2.0.jar;C:\Users\Yamaguchi\.m2\repository\org\codehaus\plexus\plexus-interactivity-api\1.0-alpha-4\plexus-interactivity-api-1.0-alpha-4.jar;C:\Users\Yamaguchi\.m2\repository\org\apache\maven\maven-monitor\2.0\maven-monitor-2.0.jar;C:\Users\Yamaguchi\.m2\repository\org\apache\maven\wagon\wagon-ssh\1.0-alpha-5\wagon-ssh-1.0-alpha-5.jar;C:\Users\Yamaguchi\.m2\repository\com\jcraft\jsch\0.1.23\jsch-0.1.23.jar;C:\Users\Yamaguchi\.m2\repository\org\codehaus\plexus\plexus-archiver\1.0-alpha-7\plexus-archiver-1.0-alpha-7.jar;C:\Users\Yamaguchi\.m2\repository\org\apache\maven\shared\maven-plugin-testing-tools\1.0-alpha-3\maven-plugin-testing-tools-1.0-alpha-3.jar;C:\Users\Yamaguchi\.m2\repository\org\apache\maven\shared\maven-invoker\2.0.7\maven-invoker-2.0.7.jar;C:\Users\Yamaguchi\.m2\repository\commons-io\commons-io\1.2\commons-io-1.2.jar;"/>
    <property name="java.vm.specification.version" value="1.7"/>
    <property name="sun.arch.data.model" value="64"/>
    <property name="java.home" value="C:\Program Files\Java\jdk1.7.0_17\jre"/>
    <property name="sun.java.command" value="C:\Users\YAMAGU~1\AppData\Local\Temp\surefirebooter6810980983068709468.jar C:\Users\YAMAGU~1\AppData\Local\Temp\surefire6760763540531595299tmp C:\Users\YAMAGU~1\AppData\Local\Temp\surefire9191744482266036820tmp"/>
    <property name="java.specification.vendor" value="Oracle Corporation"/>
    <property name="user.language" value="ja"/>
    <property name="awt.toolkit" value="sun.awt.windows.WToolkit"/>
    <property name="java.vm.info" value="mixed mode"/>
    <property name="java.version" value="1.7.0_17"/>
    <property name="java.ext.dirs" value="C:\Program Files\Java\jdk1.7.0_17\jre\lib\ext;C:\Windows\Sun\Java\lib\ext"/>
    <property name="sun.boot.class.path" value="C:\Program Files\Java\jdk1.7.0_17\jre\lib\resources.jar;C:\Program Files\Java\jdk1.7.0_17\jre\lib\rt.jar;C:\Program Files\Java\jdk1.7.0_17\jre\lib\sunrsasign.jar;C:\Program Files\Java\jdk1.7.0_17\jre\lib\jsse.jar;C:\Program Files\Java\jdk1.7.0_17\jre\lib\jce.jar;C:\Program Files\Java\jdk1.7.0_17\jre\lib\charsets.jar;C:\Program Files\Java\jdk1.7.0_17\jre\lib\jfr.jar;C:\Program Files\Java\jdk1.7.0_17\jre\classes"/>
    <property name="java.vendor" value="Oracle Corporation"/>
    <property name="localRepository" value="C:\Users\Yamaguchi\.m2\repository"/>
    <property name="file.separator" value="\"/>
    <property name="java.vendor.url.bug" value="http://bugreport.sun.com/bugreport/"/>
    <property name="sun.cpu.endian" value="little"/>
    <property name="sun.io.unicode.encoding" value="UnicodeLittle"/>
    <property name="sun.desktop" value="windows"/>
    <property name="sun.cpu.isalist" value="amd64"/>
  </properties>
  <testcase time="1.287" classname="com.example.maven.plugins.CountMojoTestCase" name="testExecute"/>
</testsuite>